<?xml version="1.0" encoding="UTF-8"?>
<testsuite xmlns:xsi="http://www.w3.org/2001/XMLSchema-instance" xsi:noNamespaceSchemaLocation="https://maven.apache.org/surefire/maven-surefire-plugin/xsd/surefire-test-report-3.0.xsd" version="3.0" name="com.app.quantitymeasurement.util.MeasurementComparatorTest" time="0.0" tests="4" errors="0" skipped="0" failures="0">
  <properties>
[...]
</properties>
  <testcase name="testCheckYardEquality" classname="com.app.quantitymeasurement.util.MeasurementComparatorTest" time="0.0"/>
  <testcase name="testCheckCentimeterEquality" classname="com.app.quantitymeasurement.util.MeasurementComparatorTest" time="0.0"/>
  <testcase name="testCheckInchesEquality" classname="com.app.quantitymeasurement.util.MeasurementComparatorTest" time="0.0"/>
  <testcase name="testCheckFeetEquality" classname="com.app.quantitymeasurement.util.MeasurementComparatorTest" time="0.0"/>
</testsuite>